c:\users\shelby\desktop\thesis\opticalmocap\src\debug\vc140.pdb
c:\users\shelby\desktop\thesis\opticalmocap\src\debug\vc140.idb
c:\users\shelby\desktop\thesis\opticalmocap\src\debug\imgpro.obj
c:\users\shelby\desktop\thesis\opticalmocap\src\debug\r2image.obj
c:\users\shelby\desktop\thesis\opticalmocap\src\debug\r2pixel.obj
c:\users\shelby\desktop\thesis\opticalmocap\src\debug\svd.obj
c:\users\shelby\desktop\thesis\opticalmocap\src\debug\r2distance.obj
c:\users\shelby\desktop\thesis\opticalmocap\src\debug\r2line.obj
c:\users\shelby\desktop\thesis\opticalmocap\src\debug\r2point.obj
c:\users\shelby\desktop\thesis\opticalmocap\src\debug\r2segment.obj
c:\users\shelby\desktop\thesis\opticalmocap\src\debug\r2vector.obj
c:\users\shelby\desktop\thesis\opticalmocap\src\debug\jdmarker.obj
c:\users\shelby\desktop\thesis\opticalmocap\src\debug\jdmaster.obj
c:\users\shelby\desktop\thesis\opticalmocap\src\debug\jdmerge.obj
c:\users\shelby\desktop\thesis\opticalmocap\src\debug\jdphuff.obj
c:\users\shelby\desktop\thesis\opticalmocap\src\debug\jdpostct.obj
c:\users\shelby\desktop\thesis\opticalmocap\src\debug\jdsample.obj
c:\users\shelby\desktop\thesis\opticalmocap\src\debug\jdtrans.obj
c:\users\shelby\desktop\thesis\opticalmocap\src\debug\jerror.obj
c:\users\shelby\desktop\thesis\opticalmocap\src\debug\jfdctflt.obj
c:\users\shelby\desktop\thesis\opticalmocap\src\debug\jfdctfst.obj
c:\users\shelby\desktop\thesis\opticalmocap\src\debug\jfdctint.obj
c:\users\shelby\desktop\thesis\opticalmocap\src\debug\jidctflt.obj
c:\users\shelby\desktop\thesis\opticalmocap\src\debug\jidctfst.obj
c:\users\shelby\desktop\thesis\opticalmocap\src\debug\jidctint.obj
c:\users\shelby\desktop\thesis\opticalmocap\src\debug\jidctred.obj
c:\users\shelby\desktop\thesis\opticalmocap\src\debug\jmemmgr.obj
c:\users\shelby\desktop\thesis\opticalmocap\src\debug\jmemnobs.obj
c:\users\shelby\desktop\thesis\opticalmocap\src\debug\jquant1.obj
c:\users\shelby\desktop\thesis\opticalmocap\src\debug\jquant2.obj
c:\users\shelby\desktop\thesis\opticalmocap\src\debug\jutils.obj
c:\users\shelby\desktop\thesis\opticalmocap\src\debug\jcinit.obj
c:\users\shelby\desktop\thesis\opticalmocap\src\debug\jcmainct.obj
c:\users\shelby\desktop\thesis\opticalmocap\src\debug\jcmarker.obj
c:\users\shelby\desktop\thesis\opticalmocap\src\debug\jcmaster.obj
c:\users\shelby\desktop\thesis\opticalmocap\src\debug\jcomapi.obj
c:\users\shelby\desktop\thesis\opticalmocap\src\debug\jcparam.obj
c:\users\shelby\desktop\thesis\opticalmocap\src\debug\jcphuff.obj
c:\users\shelby\desktop\thesis\opticalmocap\src\debug\jcprepct.obj
c:\users\shelby\desktop\thesis\opticalmocap\src\debug\jcsample.obj
c:\users\shelby\desktop\thesis\opticalmocap\src\debug\jctrans.obj
c:\users\shelby\desktop\thesis\opticalmocap\src\debug\jdapimin.obj
c:\users\shelby\desktop\thesis\opticalmocap\src\debug\jdapistd.obj
c:\users\shelby\desktop\thesis\opticalmocap\src\debug\jdatadst.obj
c:\users\shelby\desktop\thesis\opticalmocap\src\debug\jdatasrc.obj
c:\users\shelby\desktop\thesis\opticalmocap\src\debug\jdcoefct.obj
c:\users\shelby\desktop\thesis\opticalmocap\src\debug\jdcolor.obj
c:\users\shelby\desktop\thesis\opticalmocap\src\debug\jddctmgr.obj
c:\users\shelby\desktop\thesis\opticalmocap\src\debug\jdhuff.obj
c:\users\shelby\desktop\thesis\opticalmocap\src\debug\jdinput.obj
c:\users\shelby\desktop\thesis\opticalmocap\src\debug\jdmainct.obj
c:\users\shelby\desktop\thesis\opticalmocap\src\debug\jcapimin.obj
c:\users\shelby\desktop\thesis\opticalmocap\src\debug\jcapistd.obj
c:\users\shelby\desktop\thesis\opticalmocap\src\debug\jccoefct.obj
c:\users\shelby\desktop\thesis\opticalmocap\src\debug\jccolor.obj
c:\users\shelby\desktop\thesis\opticalmocap\src\debug\jcdctmgr.obj
c:\users\shelby\desktop\thesis\opticalmocap\src\debug\jchuff.obj
c:\users\shelby\desktop\thesis\opticalmocap\src\debug\imgpro.ilk
c:\users\shelby\desktop\thesis\opticalmocap\src\debug\imgpro.exe
c:\users\shelby\desktop\thesis\opticalmocap\src\debug\imgpro.pdb
c:\users\shelby\desktop\thesis\opticalmocap\src\debug\main.tlog\cl.command.1.tlog
c:\users\shelby\desktop\thesis\opticalmocap\src\debug\main.tlog\cl.read.1.tlog
c:\users\shelby\desktop\thesis\opticalmocap\src\debug\main.tlog\cl.write.1.tlog
c:\users\shelby\desktop\thesis\opticalmocap\src\debug\main.tlog\link.command.1.tlog
c:\users\shelby\desktop\thesis\opticalmocap\src\debug\main.tlog\link.read.1.tlog
c:\users\shelby\desktop\thesis\opticalmocap\src\debug\main.tlog\link.write.1.tlog
